  [1m[35m (119.1ms)[0m  [1m[35mCREATE DATABASE "cats_99_development" ENCODING = 'unicode'[0m
  ↳ bin/rails:9
  [1m[35m (101.5ms)[0m  [1m[35mCREATE DATABASE "cats_99_test" ENCODING = 'unicode'[0m
  ↳ bin/rails:9
  [1m[35m (24.8ms)[0m  [1m[35mCREATE TABLE "schema_migrations" ("version" character varying NOT NULL PRIMARY KEY)[0m
  ↳ bin/rails:9
  [1m[35m (20.1ms)[0m  [1m[35mCREATE TABLE "ar_internal_metadata" ("key" character varying NOT NULL PRIMARY KEY, "value" character varying, "created_at" timestamp NOT NULL, "updated_at" timestamp NOT NULL)[0m
  ↳ bin/rails:9
  [1m[35m (0.2ms)[0m  [1m[34mSELECT pg_try_advisory_lock(2260121364129154575)[0m
  ↳ bin/rails:9
  [1m[35m (0.4ms)[0m  [1m[34mSELECT "schema_migrations"."version" FROM "schema_migrations" ORDER BY "schema_migrations"."version" ASC[0m
  ↳ bin/rails:9
Migrating to CreateCats (20200619185626)
  [1m[35m (0.1ms)[0m  [1m[35mBEGIN[0m
  ↳ bin/rails:9
  [1m[35m (27.7ms)[0m  [1m[35mCREATE TABLE "cats" ("id" bigserial primary key, "birth_date" date NOT NULL, "color" character varying NOT NULL, "name" character varying NOT NULL, "sex" character varying(1) NOT NULL, "description" text NOT NULL, "created_at" timestamp NOT NULL, "updated_at" timestamp NOT NULL)[0m
  ↳ db/migrate/20200619185626_create_cats.rb:3
  [1m[36mActiveRecord::SchemaMigration Create (0.8ms)[0m  [1m[32mINSERT INTO "schema_migrations" ("version") VALUES ($1) RETURNING "version"[0m  [["version", "20200619185626"]]
  ↳ bin/rails:9
  [1m[35m (0.3ms)[0m  [1m[35mCOMMIT[0m
  ↳ bin/rails:9
  [1m[36mActiveRecord::InternalMetadata Load (0.3ms)[0m  [1m[34mSELECT  "ar_internal_metadata".* FROM "ar_internal_metadata" WHERE "ar_internal_metadata"."key" = $1 LIMIT $2[0m  [["key", "environment"], ["LIMIT", 1]]
  ↳ bin/rails:9
  [1m[35m (0.1ms)[0m  [1m[35mBEGIN[0m
  ↳ bin/rails:9
  [1m[36mActiveRecord::InternalMetadata Create (6.0ms)[0m  [1m[32mINSERT INTO "ar_internal_metadata" ("key", "value", "created_at", "updated_at") VALUES ($1, $2, $3, $4) RETURNING "key"[0m  [["key", "environment"], ["value", "development"], ["created_at", "2020-06-19 19:02:06.528914"], ["updated_at", "2020-06-19 19:02:06.528914"]]
  ↳ bin/rails:9
  [1m[35m (6.0ms)[0m  [1m[35mCOMMIT[0m
  ↳ bin/rails:9
  [1m[35m (0.2ms)[0m  [1m[34mSELECT pg_advisory_unlock(2260121364129154575)[0m
  ↳ bin/rails:9
  [1m[35m (0.2ms)[0m  [1m[34mSELECT "schema_migrations"."version" FROM "schema_migrations" ORDER BY "schema_migrations"."version" ASC[0m
  ↳ bin/rails:9
  [1m[35m (0.7ms)[0m  [1m[34mSELECT "schema_migrations"."version" FROM "schema_migrations" ORDER BY "schema_migrations"."version" ASC[0m
  ↳ /Users/nara/gems/bin/annotate:23
  [1m[35m (0.6ms)[0m  [1m[34mSELECT "schema_migrations"."version" FROM "schema_migrations" ORDER BY "schema_migrations"."version" ASC[0m
  ↳ /Users/nara/gems/bin/annotate:23
  [1m[35m (0.6ms)[0m  [1m[34mSELECT "schema_migrations"."version" FROM "schema_migrations" ORDER BY "schema_migrations"."version" ASC[0m
  ↳ /Users/nara/gems/bin/annotate:23
  [1m[35m (0.7ms)[0m  [1m[34mSELECT "schema_migrations"."version" FROM "schema_migrations" ORDER BY "schema_migrations"."version" ASC[0m
  ↳ /Users/nara/gems/bin/annotate:23
  [1m[35m (0.6ms)[0m  [1m[34mSELECT "schema_migrations"."version" FROM "schema_migrations" ORDER BY "schema_migrations"."version" ASC[0m
  ↳ bin/rails:9
  [1m[35m (0.1ms)[0m  [1m[35mBEGIN[0m
  ↳ db/seeds.rb:9
  [1m[36mCat Create (0.7ms)[0m  [1m[32mINSERT INTO "cats" ("birth_date", "color", "name", "sex", "description", "created_at", "updated_at") VALUES ($1, $2, $3, $4, $5, $6, $7) RETURNING "id"[0m  [["birth_date", "2015-01-20"], ["color", "pink"], ["name", "Tibbles"], ["sex", "F"], ["description", "I am cuddly"], ["created_at", "2020-06-19 19:13:32.980453"], ["updated_at", "2020-06-19 19:13:32.980453"]]
  ↳ db/seeds.rb:9
  [1m[35m (5.8ms)[0m  [1m[35mCOMMIT[0m
  ↳ db/seeds.rb:9
  [1m[35m (0.1ms)[0m  [1m[35mBEGIN[0m
  ↳ db/seeds.rb:10
  [1m[36mCat Create (0.2ms)[0m  [1m[32mINSERT INTO "cats" ("birth_date", "color", "name", "sex", "description", "created_at", "updated_at") VALUES ($1, $2, $3, $4, $5, $6, $7) RETURNING "id"[0m  [["birth_date", "1892-01-01"], ["color", "red"], ["name", "Tiger"], ["sex", "M"], ["description", "I like to eat berries"], ["created_at", "2020-06-19 19:13:32.988375"], ["updated_at", "2020-06-19 19:13:32.988375"]]
  ↳ db/seeds.rb:10
  [1m[35m (0.2ms)[0m  [1m[35mCOMMIT[0m
  ↳ db/seeds.rb:10
  [1m[35m (0.1ms)[0m  [1m[35mBEGIN[0m
  ↳ db/seeds.rb:11
  [1m[36mCat Create (0.2ms)[0m  [1m[32mINSERT INTO "cats" ("birth_date", "color", "name", "sex", "description", "created_at", "updated_at") VALUES ($1, $2, $3, $4, $5, $6, $7) RETURNING "id"[0m  [["birth_date", "1931-07-02"], ["color", "black"], ["name", "Lovely"], ["sex", "F"], ["description", "I love Fridays!"], ["created_at", "2020-06-19 19:13:32.989804"], ["updated_at", "2020-06-19 19:13:32.989804"]]
  ↳ db/seeds.rb:11
  [1m[35m (0.2ms)[0m  [1m[35mCOMMIT[0m
  ↳ db/seeds.rb:11
  [1m[35m (0.1ms)[0m  [1m[35mBEGIN[0m
  ↳ db/seeds.rb:12
  [1m[36mCat Create (0.3ms)[0m  [1m[32mINSERT INTO "cats" ("birth_date", "color", "name", "sex", "description", "created_at", "updated_at") VALUES ($1, $2, $3, $4, $5, $6, $7) RETURNING "id"[0m  [["birth_date", "1066-10-10"], ["color", "gold"], ["name", "Cola"], ["sex", "M"], ["description", "I am very dead"], ["created_at", "2020-06-19 19:13:32.991196"], ["updated_at", "2020-06-19 19:13:32.991196"]]
  ↳ db/seeds.rb:12
  [1m[35m (0.2ms)[0m  [1m[35mCOMMIT[0m
  ↳ db/seeds.rb:12
  [1m[35m (0.1ms)[0m  [1m[35mBEGIN[0m
  ↳ db/seeds.rb:13
  [1m[36mCat Create (0.2ms)[0m  [1m[32mINSERT INTO "cats" ("birth_date", "color", "name", "sex", "description", "created_at", "updated_at") VALUES ($1, $2, $3, $4, $5, $6, $7) RETURNING "id"[0m  [["birth_date", "2015-01-24"], ["color", "blue"], ["name", "Coca"], ["sex", "F"], ["description", "I am Coca!"], ["created_at", "2020-06-19 19:13:32.992698"], ["updated_at", "2020-06-19 19:13:32.992698"]]
  ↳ db/seeds.rb:13
  [1m[35m (0.3ms)[0m  [1m[35mCOMMIT[0m
  ↳ db/seeds.rb:13
  [1m[36mCat Load (0.8ms)[0m  [1m[34mSELECT "cats".* FROM "cats"[0m
  [1m[36mCat Load (0.4ms)[0m  [1m[34mSELECT  "cats".* FROM "cats" ORDER BY "cats"."id" ASC LIMIT $1[0m  [["LIMIT", 1]]
Started GET "/" for ::1 at 2020-06-19 15:26:31 -0400
  [1m[35m (0.7ms)[0m  [1m[34mSELECT "schema_migrations"."version" FROM "schema_migrations" ORDER BY "schema_migrations"."version" ASC[0m
  ↳ /Users/nara/.rbenv/versions/2.5.1/lib/ruby/gems/2.5.0/gems/sprockets-rails-3.2.1/lib/sprockets/rails/quiet_assets.rb:13
Processing by Rails::WelcomeController#index as HTML
  Rendering /Users/nara/gems/gems/railties-5.2.4.3/lib/rails/templates/rails/welcome/index.html.erb
  Rendered /Users/nara/gems/gems/railties-5.2.4.3/lib/rails/templates/rails/welcome/index.html.erb (2.2ms)
Completed 200 OK in 12ms (Views: 6.4ms | ActiveRecord: 0.0ms)


Started GET "/cats" for ::1 at 2020-06-19 15:26:43 -0400

SyntaxError - syntax error, unexpected tIVAR, expecting keyword_end
        render :json @cats
                     ^~~~~:
  app/controllers/cats_controller.rb:5:in `'

Started POST "/__better_errors/f609598bfe8804c8/variables" for ::1 at 2020-06-19 15:26:43 -0400
Started GET "/cats" for ::1 at 2020-06-19 15:27:44 -0400
Processing by CatsController#index as HTML
  [1m[36mCat Load (0.6ms)[0m  [1m[34mSELECT "cats".* FROM "cats"[0m
  ↳ app/controllers/cats_controller.rb:5
Completed 200 OK in 15ms (Views: 7.4ms | ActiveRecord: 6.1ms)


Started GET "/cats/1" for ::1 at 2020-06-19 15:31:53 -0400
Processing by CatsController#show as HTML
  Parameters: {"id"=>"1"}
  [1m[36mCat Load (0.2ms)[0m  [1m[34mSELECT  "cats".* FROM "cats" WHERE "cats"."id" = $1 LIMIT $2[0m  [["id", 1], ["LIMIT", 1]]
  ↳ app/controllers/cats_controller.rb:9
Completed 200 OK in 12ms (Views: 0.4ms | ActiveRecord: 4.4ms)


Started GET "/cats/2" for ::1 at 2020-06-19 15:32:06 -0400
Processing by CatsController#show as HTML
  Parameters: {"id"=>"2"}
  [1m[36mCat Load (0.3ms)[0m  [1m[34mSELECT  "cats".* FROM "cats" WHERE "cats"."id" = $1 LIMIT $2[0m  [["id", 2], ["LIMIT", 1]]
  ↳ app/controllers/cats_controller.rb:9
Completed 200 OK in 1ms (Views: 0.3ms | ActiveRecord: 0.3ms)


Started GET "/cats/3" for ::1 at 2020-06-19 15:32:10 -0400
Processing by CatsController#show as HTML
  Parameters: {"id"=>"3"}
  [1m[36mCat Load (0.3ms)[0m  [1m[34mSELECT  "cats".* FROM "cats" WHERE "cats"."id" = $1 LIMIT $2[0m  [["id", 3], ["LIMIT", 1]]
  ↳ app/controllers/cats_controller.rb:9
Completed 200 OK in 2ms (Views: 0.4ms | ActiveRecord: 0.3ms)


Started GET "/cats" for ::1 at 2020-06-19 15:36:31 -0400
Processing by CatsController#index as HTML
Completed 500 Internal Server Error in 8ms (ActiveRecord: 0.0ms)



ActionView::MissingTemplate - Missing template cats/index, application/index with {:locale=>[:en], :formats=>[:html], :variants=>[], :handlers=>[:raw, :erb, :html, :builder, :ruby, :coffee, :jbuilder]}. Searched in:
  * "/Users/nara/Library/Mobile Documents/com~apple~CloudDocs/Desktop/Nara/aA Foundations Copy/aA_desktop/aa_classwork/w6d5/cats_99/app/views"
:
  app/controllers/cats_controller.rb:5:in `index'

Started POST "/__better_errors/2260e82a8961ec25/variables" for ::1 at 2020-06-19 15:36:43 -0400
  [1m[36mCat Load (0.2ms)[0m  [1m[34mSELECT  "cats".* FROM "cats" LIMIT $1[0m  [["LIMIT", 11]]
  ↳ /Users/nara/.rbenv/versions/2.5.1/lib/ruby/gems/2.5.0/gems/sprockets-rails-3.2.1/lib/sprockets/rails/quiet_assets.rb:13
Started GET "/cats" for ::1 at 2020-06-19 15:37:40 -0400
Processing by CatsController#index as HTML
Completed 500 Internal Server Error in 9ms (ActiveRecord: 0.0ms)



ActionView::MissingTemplate - Missing template cats/index, application/index with {:locale=>[:en], :formats=>[:html], :variants=>[], :handlers=>[:raw, :erb, :html, :builder, :ruby, :coffee, :jbuilder]}. Searched in:
  * "/Users/nara/Library/Mobile Documents/com~apple~CloudDocs/Desktop/Nara/aA Foundations Copy/aA_desktop/aa_classwork/w6d5/cats_99/app/views"
:
  app/controllers/cats_controller.rb:5:in `index'

Started POST "/__better_errors/bd0f4728a2dca812/variables" for ::1 at 2020-06-19 15:37:40 -0400
  [1m[36mCat Load (0.4ms)[0m  [1m[34mSELECT  "cats".* FROM "cats" LIMIT $1[0m  [["LIMIT", 11]]
  ↳ /Users/nara/.rbenv/versions/2.5.1/lib/ruby/gems/2.5.0/gems/sprockets-rails-3.2.1/lib/sprockets/rails/quiet_assets.rb:13
Started GET "/cats" for ::1 at 2020-06-19 15:37:41 -0400
Processing by CatsController#index as HTML
Completed 500 Internal Server Error in 6ms (ActiveRecord: 0.0ms)



ActionView::MissingTemplate - Missing template cats/index, application/index with {:locale=>[:en], :formats=>[:html], :variants=>[], :handlers=>[:raw, :erb, :html, :builder, :ruby, :coffee, :jbuilder]}. Searched in:
  * "/Users/nara/Library/Mobile Documents/com~apple~CloudDocs/Desktop/Nara/aA Foundations Copy/aA_desktop/aa_classwork/w6d5/cats_99/app/views"
:
  app/controllers/cats_controller.rb:5:in `index'

Started POST "/__better_errors/ddabab95b81dd1de/variables" for ::1 at 2020-06-19 15:37:41 -0400
  [1m[36mCat Load (0.2ms)[0m  [1m[34mSELECT  "cats".* FROM "cats" LIMIT $1[0m  [["LIMIT", 11]]
  ↳ /Users/nara/.rbenv/versions/2.5.1/lib/ruby/gems/2.5.0/gems/sprockets-rails-3.2.1/lib/sprockets/rails/quiet_assets.rb:13
Started GET "/cats" for ::1 at 2020-06-19 15:39:33 -0400
Processing by CatsController#index as HTML
  Rendering cats/index.html.erb within layouts/application
  Rendered cats/index.html.erb within layouts/application (0.3ms)
Completed 200 OK in 172ms (Views: 170.5ms | ActiveRecord: 0.0ms)


Started GET "/cats" for ::1 at 2020-06-19 15:43:17 -0400
Processing by CatsController#index as HTML
  Rendering cats/index.html.erb within layouts/application
  [1m[36mCat Load (0.3ms)[0m  [1m[34mSELECT "cats".* FROM "cats"[0m
  ↳ app/views/cats/index.html.erb:4
  Rendered cats/index.html.erb within layouts/application (15.7ms)
Completed 500 Internal Server Error in 24ms (ActiveRecord: 4.4ms)



ActionView::Template::Error - Missing partial cats/_cat with {:locale=>[:en], :formats=>[:html], :variants=>[], :handlers=>[:raw, :erb, :html, :builder, :ruby, :coffee, :jbuilder]}. Searched in:
  * "/Users/nara/Library/Mobile Documents/com~apple~CloudDocs/Desktop/Nara/aA Foundations Copy/aA_desktop/aa_classwork/w6d5/cats_99/app/views"
:
  app/views/cats/index.html.erb:4:in `view template'
  app/controllers/cats_controller.rb:5:in `index'

Started POST "/__better_errors/6ef4e4311fa39473/variables" for ::1 at 2020-06-19 15:43:17 -0400
Started POST "/__better_errors/6ef4e4311fa39473/variables" for ::1 at 2020-06-19 15:44:14 -0400
Started GET "/cats" for ::1 at 2020-06-19 15:44:16 -0400
Processing by CatsController#index as HTML
  Rendering cats/index.html.erb within layouts/application
  [1m[36mCat Load (0.3ms)[0m  [1m[34mSELECT "cats".* FROM "cats"[0m
  ↳ app/views/cats/index.html.erb:4
  Rendered collection of cats/_cat.html.erb [5 times] (0.4ms)
  Rendered cats/index.html.erb within layouts/application (4.8ms)
Completed 200 OK in 34ms (Views: 33.0ms | ActiveRecord: 0.3ms)


Started GET "/cats/1" for ::1 at 2020-06-19 15:44:27 -0400
Processing by CatsController#show as HTML
  Parameters: {"id"=>"1"}
  [1m[36mCat Load (0.3ms)[0m  [1m[34mSELECT  "cats".* FROM "cats" WHERE "cats"."id" = $1 LIMIT $2[0m  [["id", 1], ["LIMIT", 1]]
  ↳ app/controllers/cats_controller.rb:9
Completed 200 OK in 2ms (Views: 0.6ms | ActiveRecord: 0.3ms)


Started GET "/cats/1" for ::1 at 2020-06-19 15:51:28 -0400
Processing by CatsController#show as HTML
  Parameters: {"id"=>"1"}
  [1m[36mCat Load (0.5ms)[0m  [1m[34mSELECT  "cats".* FROM "cats" WHERE "cats"."id" = $1 LIMIT $2[0m  [["id", 1], ["LIMIT", 1]]
  ↳ app/controllers/cats_controller.rb:9
  Rendering cats/show.html.erb within layouts/application
  Rendered cats/show.html.erb within layouts/application (9.7ms)
Completed 500 Internal Server Error in 42ms (ActiveRecord: 7.7ms)



ActionView::Template::Error - undefined method `desciption' for #<Cat:0x00007f937056dbb8>
Did you mean?  description
               description?
               description=:
  app/views/cats/show.html.erb:21:in `view template'
  app/controllers/cats_controller.rb:11:in `show'

Started POST "/__better_errors/4ca44f300d4b572c/variables" for ::1 at 2020-06-19 15:51:29 -0400
Started GET "/cats/1" for ::1 at 2020-06-19 15:51:42 -0400
Processing by CatsController#show as HTML
  Parameters: {"id"=>"1"}
  [1m[36mCat Load (0.4ms)[0m  [1m[34mSELECT  "cats".* FROM "cats" WHERE "cats"."id" = $1 LIMIT $2[0m  [["id", 1], ["LIMIT", 1]]
  ↳ app/controllers/cats_controller.rb:9
  Rendering cats/show.html.erb within layouts/application
  Rendered cats/show.html.erb within layouts/application (0.4ms)
Completed 200 OK in 25ms (Views: 23.2ms | ActiveRecord: 0.4ms)


Started GET "/cats/2" for ::1 at 2020-06-19 15:52:00 -0400
Processing by CatsController#show as HTML
  Parameters: {"id"=>"2"}
  [1m[36mCat Load (0.3ms)[0m  [1m[34mSELECT  "cats".* FROM "cats" WHERE "cats"."id" = $1 LIMIT $2[0m  [["id", 2], ["LIMIT", 1]]
  ↳ app/controllers/cats_controller.rb:9
  Rendering cats/show.html.erb within layouts/application
  Rendered cats/show.html.erb within layouts/application (0.4ms)
Completed 200 OK in 26ms (Views: 24.8ms | ActiveRecord: 0.3ms)


Started GET "/cats/3" for ::1 at 2020-06-19 15:52:05 -0400
Processing by CatsController#show as HTML
  Parameters: {"id"=>"3"}
  [1m[36mCat Load (0.4ms)[0m  [1m[34mSELECT  "cats".* FROM "cats" WHERE "cats"."id" = $1 LIMIT $2[0m  [["id", 3], ["LIMIT", 1]]
  ↳ app/controllers/cats_controller.rb:9
  Rendering cats/show.html.erb within layouts/application
  Rendered cats/show.html.erb within layouts/application (0.8ms)
Completed 200 OK in 29ms (Views: 27.3ms | ActiveRecord: 0.4ms)


Started GET "/cats/4" for ::1 at 2020-06-19 15:52:08 -0400
Processing by CatsController#show as HTML
  Parameters: {"id"=>"4"}
  [1m[36mCat Load (0.3ms)[0m  [1m[34mSELECT  "cats".* FROM "cats" WHERE "cats"."id" = $1 LIMIT $2[0m  [["id", 4], ["LIMIT", 1]]
  ↳ app/controllers/cats_controller.rb:9
  Rendering cats/show.html.erb within layouts/application
  Rendered cats/show.html.erb within layouts/application (0.3ms)
Completed 200 OK in 26ms (Views: 24.6ms | ActiveRecord: 0.3ms)


Started GET "/cats/5" for ::1 at 2020-06-19 15:52:12 -0400
Processing by CatsController#show as HTML
  Parameters: {"id"=>"5"}
  [1m[36mCat Load (0.3ms)[0m  [1m[34mSELECT  "cats".* FROM "cats" WHERE "cats"."id" = $1 LIMIT $2[0m  [["id", 5], ["LIMIT", 1]]
  ↳ app/controllers/cats_controller.rb:9
  Rendering cats/show.html.erb within layouts/application
  Rendered cats/show.html.erb within layouts/application (0.6ms)
Completed 200 OK in 24ms (Views: 22.3ms | ActiveRecord: 0.3ms)


Started GET "/cats" for ::1 at 2020-06-19 15:52:38 -0400
Processing by CatsController#index as HTML
  Rendering cats/index.html.erb within layouts/application
  [1m[36mCat Load (0.3ms)[0m  [1m[34mSELECT "cats".* FROM "cats"[0m
  ↳ app/views/cats/index.html.erb:4
  Rendered collection of cats/_cat.html.erb [5 times] (0.3ms)
  Rendered cats/index.html.erb within layouts/application (4.4ms)
Completed 200 OK in 32ms (Views: 31.0ms | ActiveRecord: 0.3ms)


Started GET "/cats" for ::1 at 2020-06-19 16:03:28 -0400
Processing by CatsController#index as HTML
  Rendering cats/index.html.erb within layouts/application
  [1m[36mCat Load (1.0ms)[0m  [1m[34mSELECT "cats".* FROM "cats"[0m
  ↳ app/views/cats/index.html.erb:4
  Rendered collection of cats/_cat.html.erb [5 times] (4.8ms)
  Rendered cats/index.html.erb within layouts/application (9.9ms)
Completed 500 Internal Server Error in 19ms (ActiveRecord: 1.0ms)



ActionView::Template::Error - No route matches {:action=>"show", :controller=>"cats", :id=>nil}, missing required keys: [:id]:
  app/views/cats/_cat.html.erb:2:in `view template'
  app/views/cats/index.html.erb:4:in `_app_views_cats_index_html_erb__4025264392912821761_70135610529620'
  app/controllers/cats_controller.rb:5:in `index'

Started POST "/__better_errors/74e3400bf6bd2b98/variables" for ::1 at 2020-06-19 16:03:29 -0400
Started GET "/cats/1" for ::1 at 2020-06-19 16:03:40 -0400
Processing by CatsController#show as HTML
  Parameters: {"id"=>"1"}
  [1m[36mCat Load (0.2ms)[0m  [1m[34mSELECT  "cats".* FROM "cats" WHERE "cats"."id" = $1 LIMIT $2[0m  [["id", 1], ["LIMIT", 1]]
  ↳ app/controllers/cats_controller.rb:9
  Rendering cats/show.html.erb within layouts/application
  Rendered cats/show.html.erb within layouts/application (0.4ms)
Completed 200 OK in 21ms (Views: 19.2ms | ActiveRecord: 0.4ms)


Started POST "/__better_errors/74e3400bf6bd2b98/variables" for ::1 at 2020-06-19 16:03:43 -0400
Started GET "/cats" for ::1 at 2020-06-19 16:04:33 -0400
Processing by CatsController#index as HTML
  Rendering cats/index.html.erb within layouts/application
  [1m[36mCat Load (0.3ms)[0m  [1m[34mSELECT "cats".* FROM "cats"[0m
  ↳ app/views/cats/index.html.erb:4
  Rendered collection of cats/_cat.html.erb [5 times] (4.7ms)
  Rendered cats/index.html.erb within layouts/application (8.6ms)
Completed 500 Internal Server Error in 17ms (ActiveRecord: 0.3ms)



ActionView::Template::Error - No route matches {:action=>"show", :controller=>"cats", :id=>nil}, missing required keys: [:id]:
  app/views/cats/_cat.html.erb:2:in `view template'
  app/views/cats/index.html.erb:4:in `_app_views_cats_index_html_erb__4025264392912821761_70135609397160'
  app/controllers/cats_controller.rb:5:in `index'

Started POST "/__better_errors/16bf0e49ee1ae2c8/variables" for ::1 at 2020-06-19 16:04:33 -0400
Started GET "/cats" for ::1 at 2020-06-19 16:04:34 -0400
Processing by CatsController#index as HTML
  Rendering cats/index.html.erb within layouts/application
  [1m[36mCat Load (0.3ms)[0m  [1m[34mSELECT "cats".* FROM "cats"[0m
  ↳ app/views/cats/index.html.erb:4
  Rendered collection of cats/_cat.html.erb [5 times] (3.7ms)
  Rendered cats/index.html.erb within layouts/application (7.4ms)
Completed 500 Internal Server Error in 16ms (ActiveRecord: 0.3ms)



ActionView::Template::Error - No route matches {:action=>"show", :controller=>"cats", :id=>nil}, missing required keys: [:id]:
  app/views/cats/_cat.html.erb:2:in `view template'
  app/views/cats/index.html.erb:4:in `_app_views_cats_index_html_erb__4025264392912821761_70135005910540'
  app/controllers/cats_controller.rb:5:in `index'

Started POST "/__better_errors/31b3ada4b71fa947/variables" for ::1 at 2020-06-19 16:04:34 -0400
Started GET "/cats" for ::1 at 2020-06-19 16:04:46 -0400
Processing by CatsController#index as HTML
  Rendering cats/index.html.erb within layouts/application
  [1m[36mCat Load (0.3ms)[0m  [1m[34mSELECT "cats".* FROM "cats"[0m
  ↳ app/views/cats/index.html.erb:4
  Rendered collection of cats/_cat.html.erb [5 times] (0.6ms)
  Rendered cats/index.html.erb within layouts/application (4.7ms)
Completed 200 OK in 25ms (Views: 24.4ms | ActiveRecord: 0.3ms)


Started GET "/cats" for ::1 at 2020-06-19 16:04:47 -0400
Processing by CatsController#index as HTML
  Rendering cats/index.html.erb within layouts/application
  [1m[36mCat Load (0.3ms)[0m  [1m[34mSELECT "cats".* FROM "cats"[0m
  ↳ app/views/cats/index.html.erb:4
  Rendered collection of cats/_cat.html.erb [5 times] (0.6ms)
  Rendered cats/index.html.erb within layouts/application (6.0ms)
Completed 200 OK in 25ms (Views: 24.6ms | ActiveRecord: 0.3ms)


Started GET "/cats/1" for ::1 at 2020-06-19 16:05:04 -0400
Processing by CatsController#show as HTML
  Parameters: {"id"=>"1"}
  [1m[36mCat Load (0.4ms)[0m  [1m[34mSELECT  "cats".* FROM "cats" WHERE "cats"."id" = $1 LIMIT $2[0m  [["id", 1], ["LIMIT", 1]]
  ↳ app/controllers/cats_controller.rb:9
  Rendering cats/show.html.erb within layouts/application
  Rendered cats/show.html.erb within layouts/application (0.6ms)
Completed 200 OK in 24ms (Views: 22.4ms | ActiveRecord: 0.4ms)


Started GET "/cats/2" for ::1 at 2020-06-19 16:05:07 -0400
Processing by CatsController#show as HTML
  Parameters: {"id"=>"2"}
  [1m[36mCat Load (0.5ms)[0m  [1m[34mSELECT  "cats".* FROM "cats" WHERE "cats"."id" = $1 LIMIT $2[0m  [["id", 2], ["LIMIT", 1]]
  ↳ app/controllers/cats_controller.rb:9
  Rendering cats/show.html.erb within layouts/application
  Rendered cats/show.html.erb within layouts/application (0.5ms)
Completed 200 OK in 21ms (Views: 20.0ms | ActiveRecord: 0.5ms)


Started GET "/cats/3" for ::1 at 2020-06-19 16:05:09 -0400
Processing by CatsController#show as HTML
  Parameters: {"id"=>"3"}
  [1m[36mCat Load (0.3ms)[0m  [1m[34mSELECT  "cats".* FROM "cats" WHERE "cats"."id" = $1 LIMIT $2[0m  [["id", 3], ["LIMIT", 1]]
  ↳ app/controllers/cats_controller.rb:9
  Rendering cats/show.html.erb within layouts/application
  Rendered cats/show.html.erb within layouts/application (0.4ms)
Completed 200 OK in 23ms (Views: 22.3ms | ActiveRecord: 0.3ms)


Started GET "/cats/1" for ::1 at 2020-06-19 16:05:35 -0400
Processing by CatsController#show as HTML
  Parameters: {"id"=>"1"}
  [1m[36mCat Load (0.3ms)[0m  [1m[34mSELECT  "cats".* FROM "cats" WHERE "cats"."id" = $1 LIMIT $2[0m  [["id", 1], ["LIMIT", 1]]
  ↳ app/controllers/cats_controller.rb:9
  Rendering cats/show.html.erb within layouts/application
  Rendered cats/show.html.erb within layouts/application (0.4ms)
Completed 200 OK in 22ms (Views: 20.7ms | ActiveRecord: 0.3ms)


Started GET "/cats" for ::1 at 2020-06-19 16:06:49 -0400
Processing by CatsController#index as HTML
  Rendering cats/index.html.erb within layouts/application
  [1m[36mCat Load (0.3ms)[0m  [1m[34mSELECT "cats".* FROM "cats"[0m
  ↳ app/views/cats/index.html.erb:4
  Rendered collection of cats/_cat.html.erb [5 times] (0.6ms)
  Rendered cats/index.html.erb within layouts/application (5.0ms)
Completed 200 OK in 27ms (Views: 26.4ms | ActiveRecord: 0.3ms)


Started GET "/cats/1" for ::1 at 2020-06-19 16:06:52 -0400
Processing by CatsController#show as HTML
  Parameters: {"id"=>"1"}
  [1m[36mCat Load (0.3ms)[0m  [1m[34mSELECT  "cats".* FROM "cats" WHERE "cats"."id" = $1 LIMIT $2[0m  [["id", 1], ["LIMIT", 1]]
  ↳ app/controllers/cats_controller.rb:9
  Rendering cats/show.html.erb within layouts/application
  Rendered cats/show.html.erb within layouts/application (0.5ms)
Completed 200 OK in 21ms (Views: 20.4ms | ActiveRecord: 0.3ms)


Started GET "/cats" for ::1 at 2020-06-19 16:06:54 -0400
Processing by CatsController#index as HTML
  Rendering cats/index.html.erb within layouts/application
  [1m[36mCat Load (0.3ms)[0m  [1m[34mSELECT "cats".* FROM "cats"[0m
  ↳ app/views/cats/index.html.erb:4
  Rendered collection of cats/_cat.html.erb [5 times] (0.7ms)
  Rendered cats/index.html.erb within layouts/application (4.7ms)
Completed 200 OK in 26ms (Views: 25.2ms | ActiveRecord: 0.3ms)


Started GET "/cats/2" for ::1 at 2020-06-19 16:06:55 -0400
Processing by CatsController#show as HTML
  Parameters: {"id"=>"2"}
  [1m[36mCat Load (0.2ms)[0m  [1m[34mSELECT  "cats".* FROM "cats" WHERE "cats"."id" = $1 LIMIT $2[0m  [["id", 2], ["LIMIT", 1]]
  ↳ app/controllers/cats_controller.rb:9
  Rendering cats/show.html.erb within layouts/application
  Rendered cats/show.html.erb within layouts/application (0.8ms)
Completed 200 OK in 23ms (Views: 22.0ms | ActiveRecord: 0.2ms)


Started GET "/cats" for ::1 at 2020-06-19 16:06:56 -0400
Processing by CatsController#index as HTML
  Rendering cats/index.html.erb within layouts/application
  [1m[36mCat Load (0.3ms)[0m  [1m[34mSELECT "cats".* FROM "cats"[0m
  ↳ app/views/cats/index.html.erb:4
  Rendered collection of cats/_cat.html.erb [5 times] (0.7ms)
  Rendered cats/index.html.erb within layouts/application (5.8ms)
Completed 200 OK in 25ms (Views: 24.4ms | ActiveRecord: 0.3ms)


Started GET "/cats/3" for ::1 at 2020-06-19 16:06:57 -0400
Processing by CatsController#show as HTML
  Parameters: {"id"=>"3"}
  [1m[36mCat Load (0.2ms)[0m  [1m[34mSELECT  "cats".* FROM "cats" WHERE "cats"."id" = $1 LIMIT $2[0m  [["id", 3], ["LIMIT", 1]]
  ↳ app/controllers/cats_controller.rb:9
  Rendering cats/show.html.erb within layouts/application
  Rendered cats/show.html.erb within layouts/application (0.6ms)
Completed 200 OK in 21ms (Views: 20.3ms | ActiveRecord: 0.2ms)


Started GET "/cats" for ::1 at 2020-06-19 16:06:58 -0400
Processing by CatsController#index as HTML
  Rendering cats/index.html.erb within layouts/application
  [1m[36mCat Load (0.3ms)[0m  [1m[34mSELECT "cats".* FROM "cats"[0m
  ↳ app/views/cats/index.html.erb:4
  Rendered collection of cats/_cat.html.erb [5 times] (0.6ms)
  Rendered cats/index.html.erb within layouts/application (4.1ms)
Completed 200 OK in 24ms (Views: 23.2ms | ActiveRecord: 0.3ms)


Started GET "/cats" for ::1 at 2020-06-19 16:07:10 -0400
Processing by CatsController#index as HTML
  Rendering cats/index.html.erb within layouts/application
  [1m[36mCat Load (0.3ms)[0m  [1m[34mSELECT "cats".* FROM "cats"[0m
  ↳ app/views/cats/index.html.erb:4
  Rendered collection of cats/_cat.html.erb [5 times] (0.6ms)
  Rendered cats/index.html.erb within layouts/application (4.4ms)
Completed 200 OK in 24ms (Views: 23.5ms | ActiveRecord: 0.3ms)


Started GET "/cats/1" for ::1 at 2020-06-19 16:07:11 -0400
Processing by CatsController#show as HTML
  Parameters: {"id"=>"1"}
  [1m[36mCat Load (0.2ms)[0m  [1m[34mSELECT  "cats".* FROM "cats" WHERE "cats"."id" = $1 LIMIT $2[0m  [["id", 1], ["LIMIT", 1]]
  ↳ app/controllers/cats_controller.rb:9
  Rendering cats/show.html.erb within layouts/application
  Rendered cats/show.html.erb within layouts/application (0.5ms)
Completed 200 OK in 20ms (Views: 19.1ms | ActiveRecord: 0.2ms)


Started GET "/cats" for ::1 at 2020-06-19 16:07:12 -0400
Processing by CatsController#index as HTML
  Rendering cats/index.html.erb within layouts/application
  [1m[36mCat Load (0.3ms)[0m  [1m[34mSELECT "cats".* FROM "cats"[0m
  ↳ app/views/cats/index.html.erb:4
  Rendered collection of cats/_cat.html.erb [5 times] (0.7ms)
  Rendered cats/index.html.erb within layouts/application (5.2ms)
Completed 200 OK in 26ms (Views: 25.7ms | ActiveRecord: 0.3ms)


Started GET "/cats/2" for ::1 at 2020-06-19 16:07:13 -0400
Processing by CatsController#show as HTML
  Parameters: {"id"=>"2"}
  [1m[36mCat Load (0.3ms)[0m  [1m[34mSELECT  "cats".* FROM "cats" WHERE "cats"."id" = $1 LIMIT $2[0m  [["id", 2], ["LIMIT", 1]]
  ↳ app/controllers/cats_controller.rb:9
  Rendering cats/show.html.erb within layouts/application
  Rendered cats/show.html.erb within layouts/application (0.5ms)
Completed 200 OK in 21ms (Views: 20.1ms | ActiveRecord: 0.3ms)


Started GET "/cats" for ::1 at 2020-06-19 16:07:14 -0400
Processing by CatsController#index as HTML
  Rendering cats/index.html.erb within layouts/application
  [1m[36mCat Load (1.4ms)[0m  [1m[34mSELECT "cats".* FROM "cats"[0m
  ↳ app/views/cats/index.html.erb:4
  Rendered collection of cats/_cat.html.erb [5 times] (0.7ms)
  Rendered cats/index.html.erb within layouts/application (6.0ms)
Completed 200 OK in 25ms (Views: 22.8ms | ActiveRecord: 1.4ms)


Started GET "/cats/3" for ::1 at 2020-06-19 16:07:15 -0400
Processing by CatsController#show as HTML
  Parameters: {"id"=>"3"}
  [1m[36mCat Load (0.2ms)[0m  [1m[34mSELECT  "cats".* FROM "cats" WHERE "cats"."id" = $1 LIMIT $2[0m  [["id", 3], ["LIMIT", 1]]
  ↳ app/controllers/cats_controller.rb:9
  Rendering cats/show.html.erb within layouts/application
  Rendered cats/show.html.erb within layouts/application (0.5ms)
Completed 200 OK in 22ms (Views: 20.7ms | ActiveRecord: 0.2ms)


Started GET "/cats" for ::1 at 2020-06-19 16:07:15 -0400
Processing by CatsController#index as HTML
  Rendering cats/index.html.erb within layouts/application
  [1m[36mCat Load (0.3ms)[0m  [1m[34mSELECT "cats".* FROM "cats"[0m
  ↳ app/views/cats/index.html.erb:4
  Rendered collection of cats/_cat.html.erb [5 times] (0.6ms)
  Rendered cats/index.html.erb within layouts/application (4.8ms)
Completed 200 OK in 30ms (Views: 29.2ms | ActiveRecord: 0.3ms)


Started GET "/cats/new" for ::1 at 2020-06-19 16:21:36 -0400
Processing by CatsController#new as HTML
  Rendering cats/new.html.erb within layouts/application
  Rendered cats/new.html.erb within layouts/application (0.3ms)
Completed 200 OK in 34ms (Views: 19.4ms | ActiveRecord: 7.6ms)


Started GET "/cats/new" for ::1 at 2020-06-19 16:22:13 -0400
Processing by CatsController#new as HTML
  Rendering cats/new.html.erb within layouts/application
  Rendered cats/new.html.erb within layouts/application (0.2ms)
Completed 200 OK in 19ms (Views: 18.2ms | ActiveRecord: 0.0ms)


Started GET "/cats/new" for ::1 at 2020-06-19 16:29:15 -0400
Processing by CatsController#new as HTML
  Rendering cats/new.html.erb within layouts/application
  Rendered cats/new.html.erb within layouts/application (8.8ms)
Completed 500 Internal Server Error in 17ms (ActiveRecord: 0.0ms)



ActionView::Template::Error - uninitialized constant ActionView::CompiledTemplates::COLORS:
  app/views/cats/new.html.erb:12:in `view template'
  app/controllers/cats_controller.rb:19:in `new'

Started POST "/__better_errors/5a64509ae90dddd8/variables" for ::1 at 2020-06-19 16:29:15 -0400
  [1m[36mCat Load (0.5ms)[0m  [1m[34mSELECT "cats".* FROM "cats"[0m
Started GET "/cats/new" for ::1 at 2020-06-19 16:33:53 -0400
Processing by CatsController#new as HTML
  Rendering cats/new.html.erb within layouts/application
  Rendered cats/new.html.erb within layouts/application (0.3ms)
Completed 200 OK in 18ms (Views: 17.9ms | ActiveRecord: 0.0ms)


Started GET "/cats/new" for ::1 at 2020-06-19 16:48:11 -0400
Processing by CatsController#new as HTML
  Rendering cats/new.html.erb within layouts/application
  Rendered cats/new.html.erb within layouts/application (0.4ms)
Completed 200 OK in 19ms (Views: 19.1ms | ActiveRecord: 0.0ms)


Started GET "/cats/new" for ::1 at 2020-06-19 16:48:34 -0400
Processing by CatsController#new as HTML
  Rendering cats/new.html.erb within layouts/application
  Rendered cats/new.html.erb within layouts/application (0.3ms)
Completed 200 OK in 18ms (Views: 18.1ms | ActiveRecord: 0.0ms)


Started GET "/cats/new" for ::1 at 2020-06-19 16:48:42 -0400
Processing by CatsController#new as HTML
  Rendering cats/new.html.erb within layouts/application
  Rendered cats/new.html.erb within layouts/application (0.3ms)
Completed 200 OK in 18ms (Views: 18.0ms | ActiveRecord: 0.0ms)


Started GET "/cats/new" for ::1 at 2020-06-19 17:00:39 -0400
Processing by CatsController#new as HTML
  Rendering cats/new.html.erb within layouts/application
  Rendered cats/new.html.erb within layouts/application (0.3ms)
Completed 200 OK in 38ms (Views: 18.9ms | ActiveRecord: 6.9ms)


Started GET "/cats/" for ::1 at 2020-06-19 17:00:46 -0400
Processing by CatsController#index as HTML
  Rendering cats/index.html.erb within layouts/application
  [1m[36mCat Load (0.5ms)[0m  [1m[34mSELECT "cats".* FROM "cats"[0m
  ↳ app/views/cats/index.html.erb:4
  Rendered collection of cats/_cat.html.erb [5 times] (0.7ms)
  Rendered cats/index.html.erb within layouts/application (5.0ms)
Completed 200 OK in 24ms (Views: 23.1ms | ActiveRecord: 0.5ms)


Started GET "/cats/1" for ::1 at 2020-06-19 17:00:47 -0400
Processing by CatsController#show as HTML
  Parameters: {"id"=>"1"}
  [1m[36mCat Load (0.5ms)[0m  [1m[34mSELECT  "cats".* FROM "cats" WHERE "cats"."id" = $1 LIMIT $2[0m  [["id", 1], ["LIMIT", 1]]
  ↳ app/controllers/cats_controller.rb:9
  Rendering cats/show.html.erb within layouts/application
  Rendered cats/show.html.erb within layouts/application (0.6ms)
Completed 200 OK in 22ms (Views: 19.3ms | ActiveRecord: 0.7ms)


Started GET "/cats" for ::1 at 2020-06-19 17:00:49 -0400
Processing by CatsController#index as HTML
  Rendering cats/index.html.erb within layouts/application
  [1m[36mCat Load (0.3ms)[0m  [1m[34mSELECT "cats".* FROM "cats"[0m
  ↳ app/views/cats/index.html.erb:4
  Rendered collection of cats/_cat.html.erb [5 times] (0.6ms)
  Rendered cats/index.html.erb within layouts/application (4.7ms)
Completed 200 OK in 26ms (Views: 24.9ms | ActiveRecord: 0.3ms)


Started GET "/cats" for ::1 at 2020-06-19 17:05:07 -0400
Processing by CatsController#index as HTML
  Rendering cats/index.html.erb within layouts/application
  [1m[36mCat Load (0.3ms)[0m  [1m[34mSELECT "cats".* FROM "cats"[0m
  ↳ app/views/cats/index.html.erb:4
  Rendered collection of cats/_cat.html.erb [5 times] (0.7ms)
  Rendered cats/index.html.erb within layouts/application (5.4ms)
Completed 200 OK in 23ms (Views: 22.2ms | ActiveRecord: 0.3ms)


Started GET "/cats/new" for ::1 at 2020-06-19 17:05:11 -0400
Processing by CatsController#new as HTML
  Rendering cats/new.html.erb within layouts/application
  Rendered cats/new.html.erb within layouts/application (0.4ms)
Completed 200 OK in 22ms (Views: 22.1ms | ActiveRecord: 0.0ms)


Started GET "/cats/new" for ::1 at 2020-06-19 17:07:58 -0400
Processing by CatsController#new as HTML
  Rendering cats/new.html.erb within layouts/application
  Rendered cats/new.html.erb within layouts/application (0.3ms)
Completed 200 OK in 24ms (Views: 23.2ms | ActiveRecord: 0.0ms)


Started POST "/cats" for ::1 at 2020-06-19 17:08:50 -0400
Processing by CatsController#create as HTML
  Parameters: {"cat"=>{"name"=>"Halo", "birth_date"=>"2020-06-01", "color"=>"pink", "sex"=>"M", "description"=>"Too much new code!!!!"}}
  [1m[35m (0.1ms)[0m  [1m[35mBEGIN[0m
  ↳ app/controllers/cats_controller.rb:24
  [1m[36mCat Create (0.4ms)[0m  [1m[32mINSERT INTO "cats" ("birth_date", "color", "name", "sex", "description", "created_at", "updated_at") VALUES ($1, $2, $3, $4, $5, $6, $7) RETURNING "id"[0m  [["birth_date", "2020-06-01"], ["color", "pink"], ["name", "Halo"], ["sex", "M"], ["description", "Too much new code!!!!"], ["created_at", "2020-06-19 21:08:50.463268"], ["updated_at", "2020-06-19 21:08:50.463268"]]
  ↳ app/controllers/cats_controller.rb:24
  [1m[35m (5.5ms)[0m  [1m[35mCOMMIT[0m
  ↳ app/controllers/cats_controller.rb:24
Redirected to http://localhost:3000/cats/6
Completed 302 Found in 8ms (ActiveRecord: 6.0ms)


Started GET "/cats/6" for ::1 at 2020-06-19 17:08:50 -0400
Processing by CatsController#show as HTML
  Parameters: {"id"=>"6"}
  [1m[36mCat Load (0.3ms)[0m  [1m[34mSELECT  "cats".* FROM "cats" WHERE "cats"."id" = $1 LIMIT $2[0m  [["id", 6], ["LIMIT", 1]]
  ↳ app/controllers/cats_controller.rb:9
  Rendering cats/show.html.erb within layouts/application
  Rendered cats/show.html.erb within layouts/application (0.5ms)
Completed 200 OK in 20ms (Views: 19.3ms | ActiveRecord: 0.3ms)


Started GET "/cats" for ::1 at 2020-06-19 17:08:56 -0400
Processing by CatsController#index as HTML
  Rendering cats/index.html.erb within layouts/application
  [1m[36mCat Load (0.4ms)[0m  [1m[34mSELECT "cats".* FROM "cats"[0m
  ↳ app/views/cats/index.html.erb:4
  Rendered collection of cats/_cat.html.erb [6 times] (0.6ms)
  Rendered cats/index.html.erb within layouts/application (5.6ms)
Completed 200 OK in 25ms (Views: 24.6ms | ActiveRecord: 0.4ms)


Started GET "/cats/6" for ::1 at 2020-06-19 17:09:02 -0400
Processing by CatsController#show as HTML
  Parameters: {"id"=>"6"}
  [1m[36mCat Load (0.3ms)[0m  [1m[34mSELECT  "cats".* FROM "cats" WHERE "cats"."id" = $1 LIMIT $2[0m  [["id", 6], ["LIMIT", 1]]
  ↳ app/controllers/cats_controller.rb:9
  Rendering cats/show.html.erb within layouts/application
  Rendered cats/show.html.erb within layouts/application (0.5ms)
Completed 200 OK in 24ms (Views: 22.1ms | ActiveRecord: 0.3ms)


Started GET "/cats" for ::1 at 2020-06-19 17:09:03 -0400
Processing by CatsController#index as HTML
  Rendering cats/index.html.erb within layouts/application
  [1m[36mCat Load (0.4ms)[0m  [1m[34mSELECT "cats".* FROM "cats"[0m
  ↳ app/views/cats/index.html.erb:4
  Rendered collection of cats/_cat.html.erb [6 times] (0.8ms)
  Rendered cats/index.html.erb within layouts/application (5.9ms)
Completed 200 OK in 26ms (Views: 25.5ms | ActiveRecord: 0.4ms)


Started GET "/cats/1" for ::1 at 2020-06-19 17:27:18 -0400
Processing by CatsController#show as HTML
  Parameters: {"id"=>"1"}
  [1m[36mCat Load (0.4ms)[0m  [1m[34mSELECT  "cats".* FROM "cats" WHERE "cats"."id" = $1 LIMIT $2[0m  [["id", 1], ["LIMIT", 1]]
  ↳ app/controllers/cats_controller.rb:9
  Rendering cats/show.html.erb within layouts/application
  Rendered cats/show.html.erb within layouts/application (0.5ms)
Completed 200 OK in 36ms (Views: 20.2ms | ActiveRecord: 7.5ms)


Started GET "/cats" for ::1 at 2020-06-19 17:29:36 -0400
Processing by CatsController#index as HTML
  Rendering cats/index.html.erb within layouts/application
  [1m[36mCat Load (0.3ms)[0m  [1m[34mSELECT "cats".* FROM "cats"[0m
  ↳ app/views/cats/index.html.erb:4
  Rendered collection of cats/_cat.html.erb [6 times] (0.7ms)
  Rendered cats/index.html.erb within layouts/application (5.0ms)
Completed 200 OK in 26ms (Views: 25.7ms | ActiveRecord: 0.3ms)


Started GET "/cats/1" for ::1 at 2020-06-19 17:29:37 -0400
Processing by CatsController#show as HTML
  Parameters: {"id"=>"1"}
  [1m[36mCat Load (0.3ms)[0m  [1m[34mSELECT  "cats".* FROM "cats" WHERE "cats"."id" = $1 LIMIT $2[0m  [["id", 1], ["LIMIT", 1]]
  ↳ app/controllers/cats_controller.rb:9
  Rendering cats/show.html.erb within layouts/application
  Rendered cats/show.html.erb within layouts/application (154.6ms)
Completed 500 Internal Server Error in 164ms (ActiveRecord: 0.3ms)



ActionView::Template::Error - undefined method `edit_cats_url' for #<#<Class:0x00007f931aa092b8>:0x00007f9370c368c8>
Did you mean?  edit_cat_url:
  app/views/cats/show.html.erb:23:in `view template'
  app/controllers/cats_controller.rb:11:in `show'

Started POST "/__better_errors/339317181099f595/variables" for ::1 at 2020-06-19 17:29:37 -0400
Started GET "/cats/1" for ::1 at 2020-06-19 17:29:41 -0400
Processing by CatsController#show as HTML
  Parameters: {"id"=>"1"}
  [1m[36mCat Load (0.2ms)[0m  [1m[34mSELECT  "cats".* FROM "cats" WHERE "cats"."id" = $1 LIMIT $2[0m  [["id", 1], ["LIMIT", 1]]
  ↳ app/controllers/cats_controller.rb:9
  Rendering cats/show.html.erb within layouts/application
  Rendered cats/show.html.erb within layouts/application (113.3ms)
Completed 500 Internal Server Error in 123ms (ActiveRecord: 0.2ms)



ActionView::Template::Error - undefined method `edit_cats_url' for #<#<Class:0x00007f931aa092b8>:0x00007f935861b1b8>
Did you mean?  edit_cat_url:
  app/views/cats/show.html.erb:23:in `view template'
  app/controllers/cats_controller.rb:11:in `show'

Started POST "/__better_errors/101bab41b6a1260d/variables" for ::1 at 2020-06-19 17:29:41 -0400
Started GET "/cats/" for ::1 at 2020-06-19 17:29:57 -0400
Processing by CatsController#index as HTML
  Rendering cats/index.html.erb within layouts/application
  [1m[36mCat Load (0.3ms)[0m  [1m[34mSELECT "cats".* FROM "cats"[0m
  ↳ app/views/cats/index.html.erb:4
  Rendered collection of cats/_cat.html.erb [6 times] (0.6ms)
  Rendered cats/index.html.erb within layouts/application (4.5ms)
Completed 200 OK in 30ms (Views: 29.3ms | ActiveRecord: 0.3ms)


Started GET "/cats/1" for ::1 at 2020-06-19 17:29:58 -0400
Processing by CatsController#show as HTML
  Parameters: {"id"=>"1"}
  [1m[36mCat Load (0.3ms)[0m  [1m[34mSELECT  "cats".* FROM "cats" WHERE "cats"."id" = $1 LIMIT $2[0m  [["id", 1], ["LIMIT", 1]]
  ↳ app/controllers/cats_controller.rb:9
  Rendering cats/show.html.erb within layouts/application
  Rendered cats/show.html.erb within layouts/application (0.8ms)
Completed 200 OK in 28ms (Views: 26.9ms | ActiveRecord: 0.3ms)


Started GET "/cats/1/edit" for ::1 at 2020-06-19 17:30:00 -0400
Processing by CatsController#edit as HTML
  Parameters: {"id"=>"1"}
  Rendering cats/edit.html.erb within layouts/application
  Rendered cats/edit.html.erb within layouts/application (4.8ms)
Completed 500 Internal Server Error in 16ms (ActiveRecord: 0.0ms)



ActionView::Template::Error - No route matches {:action=>"show", :controller=>"cats", :id=>nil}, missing required keys: [:id]:
  app/views/cats/edit.html.erb:3:in `view template'

Started POST "/__better_errors/b2307ec687ceffe4/variables" for ::1 at 2020-06-19 17:30:00 -0400
Started GET "/cats/1" for ::1 at 2020-06-19 17:30:42 -0400
Processing by CatsController#show as HTML
  Parameters: {"id"=>"1"}
  [1m[36mCat Load (0.3ms)[0m  [1m[34mSELECT  "cats".* FROM "cats" WHERE "cats"."id" = $1 LIMIT $2[0m  [["id", 1], ["LIMIT", 1]]
  ↳ app/controllers/cats_controller.rb:9
  Rendering cats/show.html.erb within layouts/application
  Rendered cats/show.html.erb within layouts/application (0.8ms)
Completed 200 OK in 21ms (Views: 19.9ms | ActiveRecord: 0.3ms)


Started GET "/cats/" for ::1 at 2020-06-19 17:30:43 -0400
Processing by CatsController#index as HTML
  Rendering cats/index.html.erb within layouts/application
  [1m[36mCat Load (0.3ms)[0m  [1m[34mSELECT "cats".* FROM "cats"[0m
  ↳ app/views/cats/index.html.erb:4
  Rendered collection of cats/_cat.html.erb [6 times] (0.6ms)
  Rendered cats/index.html.erb within layouts/application (4.9ms)
Completed 200 OK in 27ms (Views: 26.2ms | ActiveRecord: 0.3ms)


